This file contains any messages produced by compilers while
running configure, to aid debugging if configure makes a mistake.

It was created by LauncherCodeSlayerPlugin configure 1.4.1, which was
generated by GNU Autoconf 2.68.  Invocation command line was

  $ /home/jeff/workspace/codeslayer/plugins/launcher/configure CFLAGS=-Wall -Werror -Wdeclaration-after-statement -g -O0 --prefix=/home/jeff/install --enable-codeslayer-dev=true PKG_CONFIG_PATH=/home/jeff/install/lib/pkgconfig

## --------- ##
## Platform. ##
## --------- ##

hostname = jeff-desktop
uname -m = i686
uname -r = 3.0-ARCH
uname -s = Linux
uname -v = #1 SMP PREEMPT Tue Aug 30 07:32:23 UTC 2011

/usr/bin/uname -p = unknown
/bin/uname -X     = unknown

/bin/arch              = i686
/usr/bin/arch -k       = unknown
/usr/convex/getsysinfo = unknown
/usr/bin/hostinfo      = unknown
/bin/machine           = unknown
/usr/bin/oslevel       = unknown
/bin/universe          = unknown

PATH: /usr/local/bin
PATH: /usr/bin
PATH: /bin
PATH: /usr/local/sbin
PATH: /usr/sbin
PATH: /sbin
PATH: /usr/bin/core_perl
PATH: /home/jeff/jdk1.6.0_27/bin


## ----------- ##
## Core tests. ##
## ----------- ##

configure:2155: checking for a BSD-compatible install
configure:2223: result: /bin/install -c
configure:2234: checking whether build environment is sane
configure:2284: result: yes
configure:2425: checking for a thread-safe mkdir -p
configure:2464: result: /bin/mkdir -p
configure:2477: checking for gawk
configure:2493: found /usr/bin/gawk
configure:2504: result: gawk
configure:2515: checking whether make sets $(MAKE)
configure:2537: result: yes
configure:2661: checking build system type
configure:2675: result: i686-pc-linux-gnu
configure:2695: checking host system type
configure:2708: result: i686-pc-linux-gnu
configure:2749: checking how to print strings
configure:2776: result: printf
configure:2809: checking for style of include used by make
configure:2837: result: GNU
configure:2907: checking for gcc
configure:2923: found /usr/bin/gcc
configure:2934: result: gcc
configure:3163: checking for C compiler version
configure:3172: gcc --version >&5
gcc (GCC) 4.6.1 20110819 (prerelease)
Copyright (C) 2011 Free Software Foundation, Inc.
This is free software; see the source for copying conditions.  There is NO
warranty; not even for MERCHANTABILITY or FITNESS FOR A PARTICULAR PURPOSE.

configure:3183: $? = 0
configure:3172: gcc -v >&5
Using built-in specs.
COLLECT_GCC=gcc
COLLECT_LTO_WRAPPER=/usr/lib/gcc/i686-pc-linux-gnu/4.6.1/lto-wrapper
Target: i686-pc-linux-gnu
Configured with: /build/src/gcc-4.6-20110819/configure --prefix=/usr --libdir=/usr/lib --libexecdir=/usr/lib --mandir=/usr/share/man --infodir=/usr/share/info --with-bugurl=https://bugs.archlinux.org/ --enable-languages=c,c++,ada,fortran,go,lto,objc,obj-c++ --enable-shared --enable-threads=posix --with-system-zlib --enable-__cxa_atexit --disable-libunwind-exceptions --enable-clocale=gnu --enable-gnu-unique-object --enable-linker-build-id --with-ppl --enable-cloog-backend=isl --enable-lto --enable-gold --enable-ld=default --enable-plugin --with-plugin-ld=ld.gold --disable-multilib --disable-libssp --disable-libstdcxx-pch --enable-checking=release
Thread model: posix
gcc version 4.6.1 20110819 (prerelease) (GCC) 
configure:3183: $? = 0
configure:3172: gcc -V >&5
gcc: error: unrecognized option '-V'
gcc: fatal error: no input files
compilation terminated.
configure:3183: $? = 1
configure:3172: gcc -qversion >&5
gcc: error: unrecognized option '-qversion'
gcc: fatal error: no input files
compilation terminated.
configure:3183: $? = 1
configure:3203: checking whether the C compiler works
configure:3225: gcc -Wall -Werror -Wdeclaration-after-statement -g -O0   conftest.c  >&5
configure:3229: $? = 0
configure:3277: result: yes
configure:3280: checking for C compiler default output file name
configure:3282: result: a.out
configure:3288: checking for suffix of executables
configure:3295: gcc -o conftest -Wall -Werror -Wdeclaration-after-statement -g -O0   conftest.c  >&5
configure:3299: $? = 0
configure:3321: result: 
configure:3343: checking whether we are cross compiling
configure:3351: gcc -o conftest -Wall -Werror -Wdeclaration-after-statement -g -O0   conftest.c  >&5
configure:3355: $? = 0
configure:3362: ./conftest
configure:3366: $? = 0
configure:3381: result: no
configure:3386: checking for suffix of object files
configure:3408: gcc -c -Wall -Werror -Wdeclaration-after-statement -g -O0  conftest.c >&5
configure:3412: $? = 0
configure:3433: result: o
configure:3437: checking whether we are using the GNU C compiler
configure:3456: gcc -c -Wall -Werror -Wdeclaration-after-statement -g -O0  conftest.c >&5
configure:3456: $? = 0
configure:3465: result: yes
configure:3474: checking whether gcc accepts -g
configure:3494: gcc -c -g  conftest.c >&5
configure:3494: $? = 0
configure:3535: result: yes
configure:3552: checking for gcc option to accept ISO C89
configure:3616: gcc  -c -Wall -Werror -Wdeclaration-after-statement -g -O0  conftest.c >&5
configure:3616: $? = 0
configure:3629: result: none needed
configure:3651: checking dependency style of gcc
configure:3761: result: gcc3
configure:3776: checking for a sed that does not truncate output
configure:3840: result: /bin/sed
configure:3858: checking for grep that handles long lines and -e
configure:3916: result: /bin/grep
configure:3921: checking for egrep
configure:3983: result: /bin/grep -E
configure:3988: checking for fgrep
configure:4050: result: /bin/grep -F
configure:4085: checking for ld used by gcc
configure:4152: result: /usr/bin/ld
configure:4159: checking if the linker (/usr/bin/ld) is GNU ld
configure:4174: result: yes
configure:4186: checking for BSD- or MS-compatible name lister (nm)
configure:4235: result: /usr/bin/nm -B
configure:4365: checking the name lister (/usr/bin/nm -B) interface
configure:4372: gcc -c -Wall -Werror -Wdeclaration-after-statement -g -O0  conftest.c >&5
configure:4375: /usr/bin/nm -B "conftest.o"
configure:4378: output
00000000 B some_variable
configure:4385: result: BSD nm
configure:4388: checking whether ln -s works
configure:4392: result: yes
configure:4400: checking the maximum length of command line arguments
configure:4525: result: 1572864
configure:4542: checking whether the shell understands some XSI constructs
configure:4552: result: yes
configure:4556: checking whether the shell understands "+="
configure:4562: result: yes
configure:4597: checking how to convert i686-pc-linux-gnu file names to i686-pc-linux-gnu format
configure:4637: result: func_convert_file_noop
configure:4644: checking how to convert i686-pc-linux-gnu file names to toolchain format
configure:4664: result: func_convert_file_noop
configure:4671: checking for /usr/bin/ld option to reload object files
configure:4678: result: -r
configure:4752: checking for objdump
configure:4768: found /usr/bin/objdump
configure:4779: result: objdump
configure:4811: checking how to recognize dependent libraries
configure:5013: result: pass_all
configure:5098: checking for dlltool
configure:5128: result: no
configure:5158: checking how to associate runtime and link libraries
configure:5185: result: printf %s\n
configure:5246: checking for ar
configure:5262: found /usr/bin/ar
configure:5273: result: ar
configure:5310: checking for archiver @FILE support
configure:5327: gcc -c -Wall -Werror -Wdeclaration-after-statement -g -O0  conftest.c >&5
configure:5327: $? = 0
configure:5330: ar cru libconftest.a @conftest.lst >&5
configure:5333: $? = 0
configure:5338: ar cru libconftest.a @conftest.lst >&5
ar: conftest.o: No such file or directory
configure:5341: $? = 1
configure:5353: result: @
configure:5411: checking for strip
configure:5427: found /usr/bin/strip
configure:5438: result: strip
configure:5510: checking for ranlib
configure:5526: found /usr/bin/ranlib
configure:5537: result: ranlib
configure:5639: checking command to parse /usr/bin/nm -B output from gcc object
configure:5758: gcc -c -Wall -Werror -Wdeclaration-after-statement -g -O0  conftest.c >&5
configure:5761: $? = 0
configure:5765: /usr/bin/nm -B conftest.o \| sed -n -e 's/^.*[ ]\([ABCDGIRSTW][ABCDGIRSTW]*\)[ ][ ]*\([_A-Za-z][_A-Za-z0-9]*\)$/\1 \2 \2/p' | sed '/ __gnu_lto/d' \> conftest.nm
configure:5768: $? = 0
configure:5834: gcc -o conftest -Wall -Werror -Wdeclaration-after-statement -g -O0   conftest.c conftstm.o >&5
configure:5837: $? = 0
configure:5875: result: ok
configure:5912: checking for sysroot
configure:5942: result: no
configure:6185: checking for mt
configure:6215: result: no
configure:6235: checking if : is a manifest tool
configure:6241: : '-?'
configure:6249: result: no
configure:6881: checking how to run the C preprocessor
configure:6912: gcc -E  conftest.c
configure:6912: $? = 0
configure:6926: gcc -E  conftest.c
conftest.c:11:28: fatal error: ac_nonexistent.h: No such file or directory
compilation terminated.
configure:6926: $? = 1
configure: failed program was:
| /* confdefs.h */
| #define PACKAGE_NAME "LauncherCodeSlayerPlugin"
| #define PACKAGE_TARNAME "launchercodeslayerplugin"
| #define PACKAGE_VERSION "1.4.1"
| #define PACKAGE_STRING "LauncherCodeSlayerPlugin 1.4.1"
| #define PACKAGE_BUGREPORT "jeff.johnston.mn@gmail.com"
| #define PACKAGE_URL ""
| #define PACKAGE "launchercodeslayerplugin"
| #define VERSION "1.4.1"
| /* end confdefs.h.  */
| #include <ac_nonexistent.h>
configure:6951: result: gcc -E
configure:6971: gcc -E  conftest.c
configure:6971: $? = 0
configure:6985: gcc -E  conftest.c
conftest.c:11:28: fatal error: ac_nonexistent.h: No such file or directory
compilation terminated.
configure:6985: $? = 1
configure: failed program was:
| /* confdefs.h */
| #define PACKAGE_NAME "LauncherCodeSlayerPlugin"
| #define PACKAGE_TARNAME "launchercodeslayerplugin"
| #define PACKAGE_VERSION "1.4.1"
| #define PACKAGE_STRING "LauncherCodeSlayerPlugin 1.4.1"
| #define PACKAGE_BUGREPORT "jeff.johnston.mn@gmail.com"
| #define PACKAGE_URL ""
| #define PACKAGE "launchercodeslayerplugin"
| #define VERSION "1.4.1"
| /* end confdefs.h.  */
| #include <ac_nonexistent.h>
configure:7014: checking for ANSI C header files
configure:7034: gcc -c -Wall -Werror -Wdeclaration-after-statement -g -O0  conftest.c >&5
configure:7034: $? = 0
configure:7107: gcc -o conftest -Wall -Werror -Wdeclaration-after-statement -g -O0   conftest.c  >&5
configure:7107: $? = 0
configure:7107: ./conftest
configure:7107: $? = 0
configure:7118: result: yes
configure:7131: checking for sys/types.h
configure:7131: gcc -c -Wall -Werror -Wdeclaration-after-statement -g -O0  conftest.c >&5
configure:7131: $? = 0
configure:7131: result: yes
configure:7131: checking for sys/stat.h
configure:7131: gcc -c -Wall -Werror -Wdeclaration-after-statement -g -O0  conftest.c >&5
configure:7131: $? = 0
configure:7131: result: yes
configure:7131: checking for stdlib.h
configure:7131: gcc -c -Wall -Werror -Wdeclaration-after-statement -g -O0  conftest.c >&5
configure:7131: $? = 0
configure:7131: result: yes
configure:7131: checking for string.h
configure:7131: gcc -c -Wall -Werror -Wdeclaration-after-statement -g -O0  conftest.c >&5
configure:7131: $? = 0
configure:7131: result: yes
configure:7131: checking for memory.h
configure:7131: gcc -c -Wall -Werror -Wdeclaration-after-statement -g -O0  conftest.c >&5
configure:7131: $? = 0
configure:7131: result: yes
configure:7131: checking for strings.h
configure:7131: gcc -c -Wall -Werror -Wdeclaration-after-statement -g -O0  conftest.c >&5
configure:7131: $? = 0
configure:7131: result: yes
configure:7131: checking for inttypes.h
configure:7131: gcc -c -Wall -Werror -Wdeclaration-after-statement -g -O0  conftest.c >&5
configure:7131: $? = 0
configure:7131: result: yes
configure:7131: checking for stdint.h
configure:7131: gcc -c -Wall -Werror -Wdeclaration-after-statement -g -O0  conftest.c >&5
configure:7131: $? = 0
configure:7131: result: yes
configure:7131: checking for unistd.h
configure:7131: gcc -c -Wall -Werror -Wdeclaration-after-statement -g -O0  conftest.c >&5
configure:7131: $? = 0
configure:7131: result: yes
configure:7145: checking for dlfcn.h
configure:7145: gcc -c -Wall -Werror -Wdeclaration-after-statement -g -O0  conftest.c >&5
configure:7145: $? = 0
configure:7145: result: yes
configure:7331: checking for objdir
configure:7346: result: .libs
configure:7617: checking if gcc supports -fno-rtti -fno-exceptions
configure:7635: gcc -c -Wall -Werror -Wdeclaration-after-statement -g -O0  -fno-rtti -fno-exceptions conftest.c >&5
cc1: error: command line option '-fno-rtti' is valid for C++/ObjC++ but not for C [-Werror]
cc1: all warnings being treated as errors

configure:7639: $? = 1
configure:7652: result: no
configure:7962: checking for gcc option to produce PIC
configure:7969: result: -fPIC -DPIC
configure:7977: checking if gcc PIC flag -fPIC -DPIC works
configure:7995: gcc -c -Wall -Werror -Wdeclaration-after-statement -g -O0  -fPIC -DPIC -DPIC conftest.c >&5
configure:7999: $? = 0
configure:8012: result: yes
configure:8041: checking if gcc static flag -static works
configure:8069: result: yes
configure:8084: checking if gcc supports -c -o file.o
configure:8105: gcc -c -Wall -Werror -Wdeclaration-after-statement -g -O0  -o out/conftest2.o conftest.c >&5
configure:8109: $? = 0
configure:8131: result: yes
configure:8139: checking if gcc supports -c -o file.o
configure:8186: result: yes
configure:8219: checking whether the gcc linker (/usr/bin/ld) supports shared libraries
configure:9377: result: yes
configure:9414: checking whether -lc should be explicitly linked in
configure:9422: gcc -c -Wall -Werror -Wdeclaration-after-statement -g -O0  conftest.c >&5
configure:9425: $? = 0
configure:9440: gcc -shared  -fPIC -DPIC conftest.o  -v -Wl,-soname -Wl,conftest -o conftest 2\>\&1 \| /bin/grep  -lc  \>/dev/null 2\>\&1
configure:9443: $? = 0
configure:9457: result: no
configure:9622: checking dynamic linker characteristics
configure:10136: gcc -o conftest -Wall -Werror -Wdeclaration-after-statement -g -O0   -Wl,-rpath -Wl,/foo conftest.c  >&5
configure:10136: $? = 0
configure:10358: result: GNU/Linux ld.so
configure:10465: checking how to hardcode library paths into programs
configure:10490: result: immediate
configure:10584: checking for shl_load
configure:10584: gcc -o conftest -Wall -Werror -Wdeclaration-after-statement -g -O0   conftest.c  >&5
/tmp/cchBkA60.o: In function `main':
/home/jeff/workspace/codeslayer/plugins/launcher/build/conftest.c:57: undefined reference to `shl_load'
collect2: ld returned 1 exit status
configure:10584: $? = 1
configure: failed program was:
| /* confdefs.h */
| #define PACKAGE_NAME "LauncherCodeSlayerPlugin"
| #define PACKAGE_TARNAME "launchercodeslayerplugin"
| #define PACKAGE_VERSION "1.4.1"
| #define PACKAGE_STRING "LauncherCodeSlayerPlugin 1.4.1"
| #define PACKAGE_BUGREPORT "jeff.johnston.mn@gmail.com"
| #define PACKAGE_URL ""
| #define PACKAGE "launchercodeslayerplugin"
| #define VERSION "1.4.1"
| #define STDC_HEADERS 1
| #define HAVE_SYS_TYPES_H 1
| #define HAVE_SYS_STAT_H 1
| #define HAVE_STDLIB_H 1
| #define HAVE_STRING_H 1
| #define HAVE_MEMORY_H 1
| #define HAVE_STRINGS_H 1
| #define HAVE_INTTYPES_H 1
| #define HAVE_STDINT_H 1
| #define HAVE_UNISTD_H 1
| #define HAVE_DLFCN_H 1
| #define LT_OBJDIR ".libs/"
| /* end confdefs.h.  */
| /* Define shl_load to an innocuous variant, in case <limits.h> declares shl_load.
|    For example, HP-UX 11i <limits.h> declares gettimeofday.  */
| #define shl_load innocuous_shl_load
| 
| /* System header to define __stub macros and hopefully few prototypes,
|     which can conflict with char shl_load (); below.
|     Prefer <limits.h> to <assert.h> if __STDC__ is defined, since
|     <limits.h> exists even on freestanding compilers.  */
| 
| #ifdef __STDC__
| # include <limits.h>
| #else
| # include <assert.h>
| #endif
| 
| #undef shl_load
| 
| /* Override any GCC internal prototype to avoid an error.
|    Use char because int might match the return type of a GCC
|    builtin and then its argument prototype would still apply.  */
| #ifdef __cplusplus
| extern "C"
| #endif
| char shl_load ();
| /* The GNU C library defines this for functions which it implements
|     to always fail with ENOSYS.  Some functions are actually named
|     something starting with __ and the normal name is an alias.  */
| #if defined __stub_shl_load || defined __stub___shl_load
| choke me
| #endif
| 
| int
| main ()
| {
| return shl_load ();
|   ;
|   return 0;
| }
configure:10584: result: no
configure:10588: checking for shl_load in -ldld
configure:10613: gcc -o conftest -Wall -Werror -Wdeclaration-after-statement -g -O0   conftest.c -ldld   >&5
/usr/bin/ld: cannot find -ldld
collect2: ld returned 1 exit status
configure:10613: $? = 1
configure: failed program was:
| /* confdefs.h */
| #define PACKAGE_NAME "LauncherCodeSlayerPlugin"
| #define PACKAGE_TARNAME "launchercodeslayerplugin"
| #define PACKAGE_VERSION "1.4.1"
| #define PACKAGE_STRING "LauncherCodeSlayerPlugin 1.4.1"
| #define PACKAGE_BUGREPORT "jeff.johnston.mn@gmail.com"
| #define PACKAGE_URL ""
| #define PACKAGE "launchercodeslayerplugin"
| #define VERSION "1.4.1"
| #define STDC_HEADERS 1
| #define HAVE_SYS_TYPES_H 1
| #define HAVE_SYS_STAT_H 1
| #define HAVE_STDLIB_H 1
| #define HAVE_STRING_H 1
| #define HAVE_MEMORY_H 1
| #define HAVE_STRINGS_H 1
| #define HAVE_INTTYPES_H 1
| #define HAVE_STDINT_H 1
| #define HAVE_UNISTD_H 1
| #define HAVE_DLFCN_H 1
| #define LT_OBJDIR ".libs/"
| /* end confdefs.h.  */
| 
| /* Override any GCC internal prototype to avoid an error.
|    Use char because int might match the return type of a GCC
|    builtin and then its argument prototype would still apply.  */
| #ifdef __cplusplus
| extern "C"
| #endif
| char shl_load ();
| int
| main ()
| {
| return shl_load ();
|   ;
|   return 0;
| }
configure:10622: result: no
configure:10627: checking for dlopen
configure:10627: gcc -o conftest -Wall -Werror -Wdeclaration-after-statement -g -O0   conftest.c  >&5
/tmp/ccS7xCX5.o: In function `main':
/home/jeff/workspace/codeslayer/plugins/launcher/build/conftest.c:57: undefined reference to `dlopen'
collect2: ld returned 1 exit status
configure:10627: $? = 1
configure: failed program was:
| /* confdefs.h */
| #define PACKAGE_NAME "LauncherCodeSlayerPlugin"
| #define PACKAGE_TARNAME "launchercodeslayerplugin"
| #define PACKAGE_VERSION "1.4.1"
| #define PACKAGE_STRING "LauncherCodeSlayerPlugin 1.4.1"
| #define PACKAGE_BUGREPORT "jeff.johnston.mn@gmail.com"
| #define PACKAGE_URL ""
| #define PACKAGE "launchercodeslayerplugin"
| #define VERSION "1.4.1"
| #define STDC_HEADERS 1
| #define HAVE_SYS_TYPES_H 1
| #define HAVE_SYS_STAT_H 1
| #define HAVE_STDLIB_H 1
| #define HAVE_STRING_H 1
| #define HAVE_MEMORY_H 1
| #define HAVE_STRINGS_H 1
| #define HAVE_INTTYPES_H 1
| #define HAVE_STDINT_H 1
| #define HAVE_UNISTD_H 1
| #define HAVE_DLFCN_H 1
| #define LT_OBJDIR ".libs/"
| /* end confdefs.h.  */
| /* Define dlopen to an innocuous variant, in case <limits.h> declares dlopen.
|    For example, HP-UX 11i <limits.h> declares gettimeofday.  */
| #define dlopen innocuous_dlopen
| 
| /* System header to define __stub macros and hopefully few prototypes,
|     which can conflict with char dlopen (); below.
|     Prefer <limits.h> to <assert.h> if __STDC__ is defined, since
|     <limits.h> exists even on freestanding compilers.  */
| 
| #ifdef __STDC__
| # include <limits.h>
| #else
| # include <assert.h>
| #endif
| 
| #undef dlopen
| 
| /* Override any GCC internal prototype to avoid an error.
|    Use char because int might match the return type of a GCC
|    builtin and then its argument prototype would still apply.  */
| #ifdef __cplusplus
| extern "C"
| #endif
| char dlopen ();
| /* The GNU C library defines this for functions which it implements
|     to always fail with ENOSYS.  Some functions are actually named
|     something starting with __ and the normal name is an alias.  */
| #if defined __stub_dlopen || defined __stub___dlopen
| choke me
| #endif
| 
| int
| main ()
| {
| return dlopen ();
|   ;
|   return 0;
| }
configure:10627: result: no
configure:10631: checking for dlopen in -ldl
configure:10656: gcc -o conftest -Wall -Werror -Wdeclaration-after-statement -g -O0   conftest.c -ldl   >&5
configure:10656: $? = 0
configure:10665: result: yes
configure:10784: checking whether a program can dlopen itself
configure:10864: gcc -o conftest -Wall -Werror -Wdeclaration-after-statement -g -O0  -DHAVE_DLFCN_H  -Wl,--export-dynamic conftest.c -ldl  >&5
configure:10867: $? = 0
configure:10885: result: yes
configure:10890: checking whether a statically linked program can dlopen itself
configure:10970: gcc -o conftest -Wall -Werror -Wdeclaration-after-statement -g -O0  -DHAVE_DLFCN_H  -Wl,--export-dynamic -static conftest.c -ldl  >&5
/tmp/ccJNfV0d.o: In function `main':
/home/jeff/workspace/codeslayer/plugins/launcher/build/configure:10949: warning: Using 'dlopen' in statically linked applications requires at runtime the shared libraries from the glibc version used for linking
configure:10973: $? = 0
/lib/: cannot read file data: Is a directory
configure:10991: result: no
configure:11030: checking whether stripping libraries is possible
configure:11035: result: yes
configure:11070: checking if libtool supports shared libraries
configure:11072: result: yes
configure:11075: checking whether to build shared libraries
configure:11096: result: yes
configure:11099: checking whether to build static libraries
configure:11103: result: yes
configure:11188: checking for gcc
configure:11215: result: gcc
configure:11444: checking for C compiler version
configure:11453: gcc --version >&5
gcc (GCC) 4.6.1 20110819 (prerelease)
Copyright (C) 2011 Free Software Foundation, Inc.
This is free software; see the source for copying conditions.  There is NO
warranty; not even for MERCHANTABILITY or FITNESS FOR A PARTICULAR PURPOSE.

configure:11464: $? = 0
configure:11453: gcc -v >&5
Using built-in specs.
COLLECT_GCC=gcc
COLLECT_LTO_WRAPPER=/usr/lib/gcc/i686-pc-linux-gnu/4.6.1/lto-wrapper
Target: i686-pc-linux-gnu
Configured with: /build/src/gcc-4.6-20110819/configure --prefix=/usr --libdir=/usr/lib --libexecdir=/usr/lib --mandir=/usr/share/man --infodir=/usr/share/info --with-bugurl=https://bugs.archlinux.org/ --enable-languages=c,c++,ada,fortran,go,lto,objc,obj-c++ --enable-shared --enable-threads=posix --with-system-zlib --enable-__cxa_atexit --disable-libunwind-exceptions --enable-clocale=gnu --enable-gnu-unique-object --enable-linker-build-id --with-ppl --enable-cloog-backend=isl --enable-lto --enable-gold --enable-ld=default --enable-plugin --with-plugin-ld=ld.gold --disable-multilib --disable-libssp --disable-libstdcxx-pch --enable-checking=release
Thread model: posix
gcc version 4.6.1 20110819 (prerelease) (GCC) 
configure:11464: $? = 0
configure:11453: gcc -V >&5
gcc: error: unrecognized option '-V'
gcc: fatal error: no input files
compilation terminated.
configure:11464: $? = 1
configure:11453: gcc -qversion >&5
gcc: error: unrecognized option '-qversion'
gcc: fatal error: no input files
compilation terminated.
configure:11464: $? = 1
configure:11468: checking whether we are using the GNU C compiler
configure:11496: result: yes
configure:11505: checking whether gcc accepts -g
configure:11566: result: yes
configure:11583: checking for gcc option to accept ISO C89
configure:11660: result: none needed
configure:11682: checking dependency style of gcc
configure:11792: result: gcc3
configure:11809: checking whether gcc and cc understand -c and -o together
configure:11840: gcc -c conftest.c -o conftest2.o >&5
configure:11844: $? = 0
configure:11850: gcc -c conftest.c -o conftest2.o >&5
configure:11854: $? = 0
configure:11865: cc -c conftest.c >&5
configure:11869: $? = 0
configure:11877: cc -c conftest.c -o conftest2.o >&5
configure:11881: $? = 0
configure:11887: cc -c conftest.c -o conftest2.o >&5
configure:11891: $? = 0
configure:11909: result: yes
configure:11994: checking for pkg-config
configure:12012: found /usr/bin/pkg-config
configure:12024: result: /usr/bin/pkg-config
configure:12049: checking pkg-config is at least version 0.9.0
configure:12052: result: yes
configure:12062: checking for LAUNCHERCODESLAYERPLUGIN
configure:12074: $PKG_CONFIG --exists --print-errors "
    glib-2.0 >= 2.24.0
    gtk+-2.0 >= $GTK_REQUIRED_VERSION
    gtksourceview-2.0 >= 2.10.0
    codeslayer >= 1.4.0
"
configure:12082: $? = 0
configure:12106: $PKG_CONFIG --exists --print-errors "
    glib-2.0 >= 2.24.0
    gtk+-2.0 >= $GTK_REQUIRED_VERSION
    gtksourceview-2.0 >= 2.10.0
    codeslayer >= 1.4.0
"
configure:12114: $? = 0
configure:12192: result: yes
configure:12370: creating ./config.status

## ---------------------- ##
## Running config.status. ##
## ---------------------- ##

This file was extended by LauncherCodeSlayerPlugin config.status 1.4.1, which was
generated by GNU Autoconf 2.68.  Invocation command line was

  CONFIG_FILES    = 
  CONFIG_HEADERS  = 
  CONFIG_LINKS    = 
  CONFIG_COMMANDS = 
  $ ./config.status 

on jeff-desktop

config.status:1022: creating launcher.codeslayer-plugin
config.status:1022: creating Makefile
config.status:1022: creating src/Makefile
config.status:1179: executing depfiles commands
config.status:1179: executing libtool commands

## ---------------- ##
## Cache variables. ##
## ---------------- ##

ac_cv_build=i686-pc-linux-gnu
ac_cv_c_compiler_gnu=yes
ac_cv_env_CC_set=
ac_cv_env_CC_value=
ac_cv_env_CFLAGS_set=set
ac_cv_env_CFLAGS_value='-Wall -Werror -Wdeclaration-after-statement -g -O0'
ac_cv_env_CPPFLAGS_set=
ac_cv_env_CPPFLAGS_value=
ac_cv_env_CPP_set=
ac_cv_env_CPP_value=
ac_cv_env_LAUNCHERCODESLAYERPLUGIN_CFLAGS_set=
ac_cv_env_LAUNCHERCODESLAYERPLUGIN_CFLAGS_value=
ac_cv_env_LAUNCHERCODESLAYERPLUGIN_LIBS_set=
ac_cv_env_LAUNCHERCODESLAYERPLUGIN_LIBS_value=
ac_cv_env_LDFLAGS_set=
ac_cv_env_LDFLAGS_value=
ac_cv_env_LIBS_set=
ac_cv_env_LIBS_value=
ac_cv_env_PKG_CONFIG_LIBDIR_set=
ac_cv_env_PKG_CONFIG_LIBDIR_value=
ac_cv_env_PKG_CONFIG_PATH_set=set
ac_cv_env_PKG_CONFIG_PATH_value=/home/jeff/install/lib/pkgconfig
ac_cv_env_PKG_CONFIG_set=
ac_cv_env_PKG_CONFIG_value=
ac_cv_env_build_alias_set=
ac_cv_env_build_alias_value=
ac_cv_env_host_alias_set=
ac_cv_env_host_alias_value=
ac_cv_env_target_alias_set=
ac_cv_env_target_alias_value=
ac_cv_func_dlopen=no
ac_cv_func_shl_load=no
ac_cv_header_dlfcn_h=yes
ac_cv_header_inttypes_h=yes
ac_cv_header_memory_h=yes
ac_cv_header_stdc=yes
ac_cv_header_stdint_h=yes
ac_cv_header_stdlib_h=yes
ac_cv_header_string_h=yes
ac_cv_header_strings_h=yes
ac_cv_header_sys_stat_h=yes
ac_cv_header_sys_types_h=yes
ac_cv_header_unistd_h=yes
ac_cv_host=i686-pc-linux-gnu
ac_cv_lib_dl_dlopen=yes
ac_cv_lib_dld_shl_load=no
ac_cv_objext=o
ac_cv_path_EGREP='/bin/grep -E'
ac_cv_path_FGREP='/bin/grep -F'
ac_cv_path_GREP=/bin/grep
ac_cv_path_SED=/bin/sed
ac_cv_path_ac_pt_PKG_CONFIG=/usr/bin/pkg-config
ac_cv_path_install='/bin/install -c'
ac_cv_path_mkdir=/bin/mkdir
ac_cv_prog_AWK=gawk
ac_cv_prog_CPP='gcc -E'
ac_cv_prog_ac_ct_AR=ar
ac_cv_prog_ac_ct_CC=gcc
ac_cv_prog_ac_ct_OBJDUMP=objdump
ac_cv_prog_ac_ct_RANLIB=ranlib
ac_cv_prog_ac_ct_STRIP=strip
ac_cv_prog_cc_c89=
ac_cv_prog_cc_g=yes
ac_cv_prog_cc_gcc_c_o=yes
ac_cv_prog_make_make_set=yes
am_cv_CC_dependencies_compiler_type=gcc3
lt_cv_ar_at_file=@
lt_cv_archive_cmds_need_lc=no
lt_cv_deplibs_check_method=pass_all
lt_cv_dlopen=dlopen
lt_cv_dlopen_libs=-ldl
lt_cv_dlopen_self=yes
lt_cv_dlopen_self_static=no
lt_cv_file_magic_cmd='$MAGIC_CMD'
lt_cv_file_magic_test_file=
lt_cv_ld_reload_flag=-r
lt_cv_nm_interface='BSD nm'
lt_cv_objdir=.libs
lt_cv_path_LD=/usr/bin/ld
lt_cv_path_NM='/usr/bin/nm -B'
lt_cv_path_mainfest_tool=no
lt_cv_prog_compiler_c_o=yes
lt_cv_prog_compiler_pic='-fPIC -DPIC'
lt_cv_prog_compiler_pic_works=yes
lt_cv_prog_compiler_rtti_exceptions=no
lt_cv_prog_compiler_static_works=yes
lt_cv_prog_gnu_ld=yes
lt_cv_sharedlib_from_linklib_cmd='printf %s\n'
lt_cv_shlibpath_overrides_runpath=no
lt_cv_sys_global_symbol_pipe='sed -n -e '\''s/^.*[	 ]\([ABCDGIRSTW][ABCDGIRSTW]*\)[	 ][	 ]*\([_A-Za-z][_A-Za-z0-9]*\)$/\1 \2 \2/p'\'' | sed '\''/ __gnu_lto/d'\'''
lt_cv_sys_global_symbol_to_c_name_address='sed -n -e '\''s/^: \([^ ]*\)[ ]*$/  {\"\1\", (void *) 0},/p'\'' -e '\''s/^[ABCDGIRSTW]* \([^ ]*\) \([^ ]*\)$/  {"\2", (void *) \&\2},/p'\'''
lt_cv_sys_global_symbol_to_c_name_address_lib_prefix='sed -n -e '\''s/^: \([^ ]*\)[ ]*$/  {\"\1\", (void *) 0},/p'\'' -e '\''s/^[ABCDGIRSTW]* \([^ ]*\) \(lib[^ ]*\)$/  {"\2", (void *) \&\2},/p'\'' -e '\''s/^[ABCDGIRSTW]* \([^ ]*\) \([^ ]*\)$/  {"lib\2", (void *) \&\2},/p'\'''
lt_cv_sys_global_symbol_to_cdecl='sed -n -e '\''s/^T .* \(.*\)$/extern int \1();/p'\'' -e '\''s/^[ABCDGIRSTW]* .* \(.*\)$/extern char \1;/p'\'''
lt_cv_sys_max_cmd_len=1572864
lt_cv_to_host_file_cmd=func_convert_file_noop
lt_cv_to_tool_file_cmd=func_convert_file_noop
pkg_cv_LAUNCHERCODESLAYERPLUGIN_CFLAGS='-pthread -I/home/jeff/install/include/lcodeslayer -I/usr/include/glib-2.0 -I/usr/lib/glib-2.0/include -I/usr/include/gtk-2.0 -I/usr/lib/gtk-2.0/include -I/usr/include/atk-1.0 -I/usr/include/cairo -I/usr/include/gdk-pixbuf-2.0 -I/usr/include/pango-1.0 -I/usr/include/pixman-1 -I/usr/include/freetype2 -I/usr/include/libpng14 -I/usr/include/gtksourceview-2.0 -I/usr/include/libxml2  '
pkg_cv_LAUNCHERCODESLAYERPLUGIN_LIBS='-pthread -L/home/jeff/install/lib -lgtksourceview-2.0 -lcodeslayer -lgtk-x11-2.0 -lgdk-x11-2.0 -latk-1.0 -lgio-2.0 -lpangoft2-1.0 -lpangocairo-1.0 -lgdk_pixbuf-2.0 -lcairo -lpango-1.0 -lfreetype -lfontconfig -lgobject-2.0 -lgmodule-2.0 -lgthread-2.0 -lrt -lglib-2.0  '

## ----------------- ##
## Output variables. ##
## ----------------- ##

ACLOCAL='${SHELL} /home/jeff/workspace/codeslayer/plugins/launcher/missing --run aclocal-1.11'
AMDEPBACKSLASH='\'
AMDEP_FALSE='#'
AMDEP_TRUE=''
AMTAR='${SHELL} /home/jeff/workspace/codeslayer/plugins/launcher/missing --run tar'
AR='ar'
AUTOCONF='${SHELL} /home/jeff/workspace/codeslayer/plugins/launcher/missing --run autoconf'
AUTOHEADER='${SHELL} /home/jeff/workspace/codeslayer/plugins/launcher/missing --run autoheader'
AUTOMAKE='${SHELL} /home/jeff/workspace/codeslayer/plugins/launcher/missing --run automake-1.11'
AWK='gawk'
CC='gcc'
CCDEPMODE='depmode=gcc3'
CFLAGS='-Wall -Werror -Wdeclaration-after-statement -g -O0'
CODESLAYER_HOME='.codeslayer-dev'
CPP='gcc -E'
CPPFLAGS=''
CYGPATH_W='echo'
DEFS='-DPACKAGE_NAME=\"LauncherCodeSlayerPlugin\" -DPACKAGE_TARNAME=\"launchercodeslayerplugin\" -DPACKAGE_VERSION=\"1.4.1\" -DPACKAGE_STRING=\"LauncherCodeSlayerPlugin\ 1.4.1\" -DPACKAGE_BUGREPORT=\"jeff.johnston.mn@gmail.com\" -DPACKAGE_URL=\"\" -DPACKAGE=\"launchercodeslayerplugin\" -DVERSION=\"1.4.1\" -DSTDC_HEADERS=1 -DHAVE_SYS_TYPES_H=1 -DHAVE_SYS_STAT_H=1 -DHAVE_STDLIB_H=1 -DHAVE_STRING_H=1 -DHAVE_MEMORY_H=1 -DHAVE_STRINGS_H=1 -DHAVE_INTTYPES_H=1 -DHAVE_STDINT_H=1 -DHAVE_UNISTD_H=1 -DHAVE_DLFCN_H=1 -DLT_OBJDIR=\".libs/\"'
DEPDIR='.deps'
DLLTOOL='false'
DSYMUTIL=''
DUMPBIN=''
ECHO_C=''
ECHO_N='-n'
ECHO_T=''
EGREP='/bin/grep -E'
EXEEXT=''
FGREP='/bin/grep -F'
GREP='/bin/grep'
GTK_REQUIRED_VERSION='2.20.0'
INSTALL_DATA='${INSTALL} -m 644'
INSTALL_PROGRAM='${INSTALL}'
INSTALL_SCRIPT='${INSTALL}'
INSTALL_STRIP_PROGRAM='$(install_sh) -c -s'
LAUNCHERCODESLAYERPLUGIN_CFLAGS='-pthread -I/home/jeff/install/include/lcodeslayer -I/usr/include/glib-2.0 -I/usr/lib/glib-2.0/include -I/usr/include/gtk-2.0 -I/usr/lib/gtk-2.0/include -I/usr/include/atk-1.0 -I/usr/include/cairo -I/usr/include/gdk-pixbuf-2.0 -I/usr/include/pango-1.0 -I/usr/include/pixman-1 -I/usr/include/freetype2 -I/usr/include/libpng14 -I/usr/include/gtksourceview-2.0 -I/usr/include/libxml2  '
LAUNCHERCODESLAYERPLUGIN_LIBS='-pthread -L/home/jeff/install/lib -lgtksourceview-2.0 -lcodeslayer -lgtk-x11-2.0 -lgdk-x11-2.0 -latk-1.0 -lgio-2.0 -lpangoft2-1.0 -lpangocairo-1.0 -lgdk_pixbuf-2.0 -lcairo -lpango-1.0 -lfreetype -lfontconfig -lgobject-2.0 -lgmodule-2.0 -lgthread-2.0 -lrt -lglib-2.0  '
LD='/usr/bin/ld'
LDFLAGS=''
LIBOBJS=''
LIBS=''
LIBTOOL='$(SHELL) $(top_builddir)/libtool'
LIPO=''
LN_S='ln -s'
LTLIBOBJS=''
MAKEINFO='${SHELL} /home/jeff/workspace/codeslayer/plugins/launcher/missing --run makeinfo'
MANIFEST_TOOL=':'
MKDIR_P='/bin/mkdir -p'
NM='/usr/bin/nm -B'
NMEDIT=''
OBJDUMP='objdump'
OBJEXT='o'
OTOOL64=''
OTOOL=''
PACKAGE='launchercodeslayerplugin'
PACKAGE_BUGREPORT='jeff.johnston.mn@gmail.com'
PACKAGE_NAME='LauncherCodeSlayerPlugin'
PACKAGE_STRING='LauncherCodeSlayerPlugin 1.4.1'
PACKAGE_TARNAME='launchercodeslayerplugin'
PACKAGE_URL=''
PACKAGE_VERSION='1.4.1'
PATH_SEPARATOR=':'
PKG_CONFIG='/usr/bin/pkg-config'
PKG_CONFIG_LIBDIR=''
PKG_CONFIG_PATH='/home/jeff/install/lib/pkgconfig'
RANLIB='ranlib'
SED='/bin/sed'
SET_MAKE=''
SHELL='/bin/sh'
STRIP='strip'
VERSION='1.4.1'
ac_ct_AR='ar'
ac_ct_CC='gcc'
ac_ct_DUMPBIN=''
am__EXEEXT_FALSE=''
am__EXEEXT_TRUE='#'
am__fastdepCC_FALSE='#'
am__fastdepCC_TRUE=''
am__include='include'
am__isrc=' -I$(srcdir)'
am__leading_dot='.'
am__quote=''
am__tar='${AMTAR} chof - "$$tardir"'
am__untar='${AMTAR} xf -'
bindir='${exec_prefix}/bin'
build='i686-pc-linux-gnu'
build_alias=''
build_cpu='i686'
build_os='linux-gnu'
build_vendor='pc'
datadir='${datarootdir}'
datarootdir='${prefix}/share'
docdir='${datarootdir}/doc/${PACKAGE_TARNAME}'
dvidir='${docdir}'
exec_prefix='${prefix}'
host='i686-pc-linux-gnu'
host_alias=''
host_cpu='i686'
host_os='linux-gnu'
host_vendor='pc'
htmldir='${docdir}'
includedir='${prefix}/include'
infodir='${datarootdir}/info'
install_sh='${SHELL} /home/jeff/workspace/codeslayer/plugins/launcher/install-sh'
libdir='${exec_prefix}/lib'
libexecdir='${exec_prefix}/libexec'
localedir='${datarootdir}/locale'
localstatedir='${prefix}/var'
mandir='${datarootdir}/man'
mkdir_p='/bin/mkdir -p'
oldincludedir='/usr/include'
pdfdir='${docdir}'
prefix='/home/jeff/install'
program_transform_name='s,x,x,'
psdir='${docdir}'
sbindir='${exec_prefix}/sbin'
sharedstatedir='${prefix}/com'
sysconfdir='${prefix}/etc'
target_alias=''

## ----------- ##
## confdefs.h. ##
## ----------- ##

/* confdefs.h */
#define PACKAGE_NAME "LauncherCodeSlayerPlugin"
#define PACKAGE_TARNAME "launchercodeslayerplugin"
#define PACKAGE_VERSION "1.4.1"
#define PACKAGE_STRING "LauncherCodeSlayerPlugin 1.4.1"
#define PACKAGE_BUGREPORT "jeff.johnston.mn@gmail.com"
#define PACKAGE_URL ""
#define PACKAGE "launchercodeslayerplugin"
#define VERSION "1.4.1"
#define STDC_HEADERS 1
#define HAVE_SYS_TYPES_H 1
#define HAVE_SYS_STAT_H 1
#define HAVE_STDLIB_H 1
#define HAVE_STRING_H 1
#define HAVE_MEMORY_H 1
#define HAVE_STRINGS_H 1
#define HAVE_INTTYPES_H 1
#define HAVE_STDINT_H 1
#define HAVE_UNISTD_H 1
#define HAVE_DLFCN_H 1
#define LT_OBJDIR ".libs/"

configure: exit 0
