This file contains any messages produced by compilers while
running configure, to aid debugging if configure makes a mistake.

It was created by LauncherCodeSlayerPlugin configure 1.4.1, which was
generated by GNU Autoconf 2.68.  Invocation command line was

  $ ../configure CFLAGS=-Wall -Werror -Wdeclaration-after-statement -g -O0 --no-create --no-recursion

## --------- ##
## Platform. ##
## --------- ##

hostname = jeff-desktop
uname -m = i686
uname -r = 3.0-ARCH
uname -s = Linux
uname -v = #1 SMP PREEMPT Tue Aug 30 07:32:23 UTC 2011

/usr/bin/uname -p = unknown
/bin/uname -X     = unknown

/bin/arch              = i686
/usr/bin/arch -k       = unknown
/usr/convex/getsysinfo = unknown
/usr/bin/hostinfo      = unknown
/bin/machine           = unknown
/usr/bin/oslevel       = unknown
/bin/universe          = unknown

PATH: /usr/local/bin
PATH: /usr/bin
PATH: /bin
PATH: /usr/local/sbin
PATH: /usr/sbin
PATH: /sbin
PATH: /usr/bin/core_perl
PATH: /home/jeff/jdk1.6.0_27/bin
PATH: /home/jeff/jdk1.6.0_27/bin


## ----------- ##
## Core tests. ##
## ----------- ##

configure:2281: checking for a BSD-compatible install
configure:2349: result: /bin/install -c
configure:2360: checking whether build environment is sane
configure:2410: result: yes
configure:2551: checking for a thread-safe mkdir -p
configure:2590: result: /bin/mkdir -p
configure:2603: checking for gawk
configure:2619: found /usr/bin/gawk
configure:2630: result: gawk
configure:2641: checking whether make sets $(MAKE)
configure:2663: result: yes
configure:2787: checking build system type
configure:2801: result: i686-pc-linux-gnu
configure:2821: checking host system type
configure:2834: result: i686-pc-linux-gnu
configure:2866: checking for style of include used by make
configure:2894: result: GNU
configure:2964: checking for gcc
configure:2980: found /usr/bin/gcc
configure:2991: result: gcc
configure:3220: checking for C compiler version
configure:3229: gcc --version >&5
gcc (GCC) 4.6.1 20110819 (prerelease)
Copyright (C) 2011 Free Software Foundation, Inc.
This is free software; see the source for copying conditions.  There is NO
warranty; not even for MERCHANTABILITY or FITNESS FOR A PARTICULAR PURPOSE.

configure:3240: $? = 0
configure:3229: gcc -v >&5
Using built-in specs.
COLLECT_GCC=gcc
COLLECT_LTO_WRAPPER=/usr/lib/gcc/i686-pc-linux-gnu/4.6.1/lto-wrapper
Target: i686-pc-linux-gnu
Configured with: /build/src/gcc-4.6-20110819/configure --prefix=/usr --libdir=/usr/lib --libexecdir=/usr/lib --mandir=/usr/share/man --infodir=/usr/share/info --with-bugurl=https://bugs.archlinux.org/ --enable-languages=c,c++,ada,fortran,go,lto,objc,obj-c++ --enable-shared --enable-threads=posix --with-system-zlib --enable-__cxa_atexit --disable-libunwind-exceptions --enable-clocale=gnu --enable-gnu-unique-object --enable-linker-build-id --with-ppl --enable-cloog-backend=isl --enable-lto --enable-gold --enable-ld=default --enable-plugin --with-plugin-ld=ld.gold --disable-multilib --disable-libssp --disable-libstdcxx-pch --enable-checking=release
Thread model: posix
gcc version 4.6.1 20110819 (prerelease) (GCC) 
configure:3240: $? = 0
configure:3229: gcc -V >&5
gcc: error: unrecognized option '-V'
gcc: fatal error: no input files
compilation terminated.
configure:3240: $? = 1
configure:3229: gcc -qversion >&5
gcc: error: unrecognized option '-qversion'
gcc: fatal error: no input files
compilation terminated.
configure:3240: $? = 1
configure:3260: checking whether the C compiler works
configure:3282: gcc -Wall -Werror -Wdeclaration-after-statement -g -O0   conftest.c  >&5
configure:3286: $? = 0
configure:3334: result: yes
configure:3337: checking for C compiler default output file name
configure:3339: result: a.out
configure:3345: checking for suffix of executables
configure:3352: gcc -o conftest -Wall -Werror -Wdeclaration-after-statement -g -O0   conftest.c  >&5
configure:3356: $? = 0
configure:3378: result: 
configure:3400: checking whether we are cross compiling
configure:3408: gcc -o conftest -Wall -Werror -Wdeclaration-after-statement -g -O0   conftest.c  >&5
configure:3412: $? = 0
configure:3419: ./conftest
configure:3423: $? = 0
configure:3438: result: no
configure:3443: checking for suffix of object files
configure:3465: gcc -c -Wall -Werror -Wdeclaration-after-statement -g -O0  conftest.c >&5
configure:3469: $? = 0
configure:3490: result: o
configure:3494: checking whether we are using the GNU C compiler
configure:3513: gcc -c -Wall -Werror -Wdeclaration-after-statement -g -O0  conftest.c >&5
configure:3513: $? = 0
configure:3522: result: yes
configure:3531: checking whether gcc accepts -g
configure:3551: gcc -c -g  conftest.c >&5
configure:3551: $? = 0
configure:3592: result: yes
configure:3609: checking for gcc option to accept ISO C89
configure:3673: gcc  -c -Wall -Werror -Wdeclaration-after-statement -g -O0  conftest.c >&5
configure:3673: $? = 0
configure:3686: result: none needed
configure:3708: checking dependency style of gcc
configure:3818: result: gcc3
configure:3833: checking for a sed that does not truncate output
configure:3897: result: /bin/sed
configure:3915: checking for grep that handles long lines and -e
configure:3973: result: /bin/grep
configure:3978: checking for egrep
configure:4040: result: /bin/grep -E
configure:4045: checking for fgrep
configure:4107: result: /bin/grep -F
configure:4142: checking for ld used by gcc
configure:4209: result: /usr/bin/ld
configure:4216: checking if the linker (/usr/bin/ld) is GNU ld
configure:4231: result: yes
configure:4243: checking for BSD- or MS-compatible name lister (nm)
configure:4292: result: /usr/bin/nm -B
configure:4410: checking the name lister (/usr/bin/nm -B) interface
configure:4417: gcc -c -Wall -Werror -Wdeclaration-after-statement -g -O0  conftest.c >&5
configure:4420: /usr/bin/nm -B "conftest.o"
configure:4423: output
00000000 B some_variable
configure:4430: result: BSD nm
configure:4433: checking whether ln -s works
configure:4437: result: yes
configure:4445: checking the maximum length of command line arguments
configure:4565: result: 1572864
configure:4582: checking whether the shell understands some XSI constructs
configure:4592: result: yes
configure:4596: checking whether the shell understands "+="
configure:4602: result: yes
configure:4637: checking for /usr/bin/ld option to reload object files
configure:4644: result: -r
configure:4713: checking for objdump
configure:4729: found /usr/bin/objdump
configure:4740: result: objdump
configure:4772: checking how to recognize dependent libraries
configure:4968: result: pass_all
configure:5028: checking for ar
configure:5044: found /usr/bin/ar
configure:5055: result: ar
configure:5133: checking for strip
configure:5149: found /usr/bin/strip
configure:5160: result: strip
configure:5232: checking for ranlib
configure:5248: found /usr/bin/ranlib
configure:5259: result: ranlib
configure:5349: checking command to parse /usr/bin/nm -B output from gcc object
configure:5467: gcc -c -Wall -Werror -Wdeclaration-after-statement -g -O0  conftest.c >&5
configure:5470: $? = 0
configure:5474: /usr/bin/nm -B conftest.o \| sed -n -e 's/^.*[	 ]\([ABCDGIRSTW][ABCDGIRSTW]*\)[	 ][	 ]*\([_A-Za-z][_A-Za-z0-9]*\)$/\1 \2 \2/p' \> conftest.nm
configure:5477: $? = 0
configure:5531: gcc -o conftest -Wall -Werror -Wdeclaration-after-statement -g -O0   conftest.c conftstm.o >&5
configure:5534: $? = 0
configure:5572: result: ok
configure:6381: checking how to run the C preprocessor
configure:6412: gcc -E  conftest.c
configure:6412: $? = 0
configure:6426: gcc -E  conftest.c
conftest.c:11:28: fatal error: ac_nonexistent.h: No such file or directory
compilation terminated.
configure:6426: $? = 1
configure: failed program was:
| /* confdefs.h */
| #define PACKAGE_NAME "LauncherCodeSlayerPlugin"
| #define PACKAGE_TARNAME "launchercodeslayerplugin"
| #define PACKAGE_VERSION "1.4.1"
| #define PACKAGE_STRING "LauncherCodeSlayerPlugin 1.4.1"
| #define PACKAGE_BUGREPORT "jeff.johnston.mn@gmail.com"
| #define PACKAGE_URL ""
| #define PACKAGE "launchercodeslayerplugin"
| #define VERSION "1.4.1"
| /* end confdefs.h.  */
| #include <ac_nonexistent.h>
configure:6451: result: gcc -E
configure:6471: gcc -E  conftest.c
configure:6471: $? = 0
configure:6485: gcc -E  conftest.c
conftest.c:11:28: fatal error: ac_nonexistent.h: No such file or directory
compilation terminated.
configure:6485: $? = 1
configure: failed program was:
| /* confdefs.h */
| #define PACKAGE_NAME "LauncherCodeSlayerPlugin"
| #define PACKAGE_TARNAME "launchercodeslayerplugin"
| #define PACKAGE_VERSION "1.4.1"
| #define PACKAGE_STRING "LauncherCodeSlayerPlugin 1.4.1"
| #define PACKAGE_BUGREPORT "jeff.johnston.mn@gmail.com"
| #define PACKAGE_URL ""
| #define PACKAGE "launchercodeslayerplugin"
| #define VERSION "1.4.1"
| /* end confdefs.h.  */
| #include <ac_nonexistent.h>
configure:6514: checking for ANSI C header files
configure:6534: gcc -c -Wall -Werror -Wdeclaration-after-statement -g -O0  conftest.c >&5
configure:6534: $? = 0
configure:6607: gcc -o conftest -Wall -Werror -Wdeclaration-after-statement -g -O0   conftest.c  >&5
configure:6607: $? = 0
configure:6607: ./conftest
configure:6607: $? = 0
configure:6618: result: yes
configure:6631: checking for sys/types.h
configure:6631: gcc -c -Wall -Werror -Wdeclaration-after-statement -g -O0  conftest.c >&5
configure:6631: $? = 0
configure:6631: result: yes
configure:6631: checking for sys/stat.h
configure:6631: gcc -c -Wall -Werror -Wdeclaration-after-statement -g -O0  conftest.c >&5
configure:6631: $? = 0
configure:6631: result: yes
configure:6631: checking for stdlib.h
configure:6631: gcc -c -Wall -Werror -Wdeclaration-after-statement -g -O0  conftest.c >&5
configure:6631: $? = 0
configure:6631: result: yes
configure:6631: checking for string.h
configure:6631: gcc -c -Wall -Werror -Wdeclaration-after-statement -g -O0  conftest.c >&5
configure:6631: $? = 0
configure:6631: result: yes
configure:6631: checking for memory.h
configure:6631: gcc -c -Wall -Werror -Wdeclaration-after-statement -g -O0  conftest.c >&5
configure:6631: $? = 0
configure:6631: result: yes
configure:6631: checking for strings.h
configure:6631: gcc -c -Wall -Werror -Wdeclaration-after-statement -g -O0  conftest.c >&5
configure:6631: $? = 0
configure:6631: result: yes
configure:6631: checking for inttypes.h
configure:6631: gcc -c -Wall -Werror -Wdeclaration-after-statement -g -O0  conftest.c >&5
configure:6631: $? = 0
configure:6631: result: yes
configure:6631: checking for stdint.h
configure:6631: gcc -c -Wall -Werror -Wdeclaration-after-statement -g -O0  conftest.c >&5
configure:6631: $? = 0
configure:6631: result: yes
configure:6631: checking for unistd.h
configure:6631: gcc -c -Wall -Werror -Wdeclaration-after-statement -g -O0  conftest.c >&5
configure:6631: $? = 0
configure:6631: result: yes
configure:6645: checking for dlfcn.h
configure:6645: gcc -c -Wall -Werror -Wdeclaration-after-statement -g -O0  conftest.c >&5
configure:6645: $? = 0
configure:6645: result: yes
configure:6828: checking for objdir
configure:6843: result: .libs
configure:7139: checking if gcc supports -fno-rtti -fno-exceptions
configure:7157: gcc -c -Wall -Werror -Wdeclaration-after-statement -g -O0  -fno-rtti -fno-exceptions conftest.c >&5
cc1: error: command line option '-fno-rtti' is valid for C++/ObjC++ but not for C [-Werror]
cc1: all warnings being treated as errors

configure:7161: $? = 1
configure:7174: result: no
configure:7194: checking for gcc option to produce PIC
configure:7466: result: -fPIC -DPIC
configure:7478: checking if gcc PIC flag -fPIC -DPIC works
configure:7496: gcc -c -Wall -Werror -Wdeclaration-after-statement -g -O0  -fPIC -DPIC -DPIC conftest.c >&5
configure:7500: $? = 0
configure:7513: result: yes
configure:7537: checking if gcc static flag -static works
configure:7565: result: yes
configure:7580: checking if gcc supports -c -o file.o
configure:7601: gcc -c -Wall -Werror -Wdeclaration-after-statement -g -O0  -o out/conftest2.o conftest.c >&5
configure:7605: $? = 0
configure:7627: result: yes
configure:7635: checking if gcc supports -c -o file.o
configure:7682: result: yes
configure:7715: checking whether the gcc linker (/usr/bin/ld) supports shared libraries
configure:8706: result: yes
configure:8743: checking whether -lc should be explicitly linked in
configure:8748: gcc -c -Wall -Werror -Wdeclaration-after-statement -g -O0  conftest.c >&5
configure:8751: $? = 0
configure:8766: gcc -shared conftest.o  -v -Wl,-soname -Wl,conftest -o conftest 2\>\&1 \| /bin/grep  -lc  \>/dev/null 2\>\&1
configure:8769: $? = 0
configure:8781: result: no
configure:8945: checking dynamic linker characteristics
configure:9378: gcc -o conftest -Wall -Werror -Wdeclaration-after-statement -g -O0   -Wl,-rpath -Wl,/foo conftest.c  >&5
configure:9378: $? = 0
configure:9608: result: GNU/Linux ld.so
configure:9710: checking how to hardcode library paths into programs
configure:9735: result: immediate
configure:9829: checking for shl_load
configure:9829: gcc -o conftest -Wall -Werror -Wdeclaration-after-statement -g -O0   conftest.c  >&5
/tmp/cc48VTau.o: In function `main':
/home/jeff/workspace/codeslayer/plugins/launcher/build-prod/conftest.c:57: undefined reference to `shl_load'
collect2: ld returned 1 exit status
configure:9829: $? = 1
configure: failed program was:
| /* confdefs.h */
| #define PACKAGE_NAME "LauncherCodeSlayerPlugin"
| #define PACKAGE_TARNAME "launchercodeslayerplugin"
| #define PACKAGE_VERSION "1.4.1"
| #define PACKAGE_STRING "LauncherCodeSlayerPlugin 1.4.1"
| #define PACKAGE_BUGREPORT "jeff.johnston.mn@gmail.com"
| #define PACKAGE_URL ""
| #define PACKAGE "launchercodeslayerplugin"
| #define VERSION "1.4.1"
| #define STDC_HEADERS 1
| #define HAVE_SYS_TYPES_H 1
| #define HAVE_SYS_STAT_H 1
| #define HAVE_STDLIB_H 1
| #define HAVE_STRING_H 1
| #define HAVE_MEMORY_H 1
| #define HAVE_STRINGS_H 1
| #define HAVE_INTTYPES_H 1
| #define HAVE_STDINT_H 1
| #define HAVE_UNISTD_H 1
| #define HAVE_DLFCN_H 1
| #define LT_OBJDIR ".libs/"
| /* end confdefs.h.  */
| /* Define shl_load to an innocuous variant, in case <limits.h> declares shl_load.
|    For example, HP-UX 11i <limits.h> declares gettimeofday.  */
| #define shl_load innocuous_shl_load
| 
| /* System header to define __stub macros and hopefully few prototypes,
|     which can conflict with char shl_load (); below.
|     Prefer <limits.h> to <assert.h> if __STDC__ is defined, since
|     <limits.h> exists even on freestanding compilers.  */
| 
| #ifdef __STDC__
| # include <limits.h>
| #else
| # include <assert.h>
| #endif
| 
| #undef shl_load
| 
| /* Override any GCC internal prototype to avoid an error.
|    Use char because int might match the return type of a GCC
|    builtin and then its argument prototype would still apply.  */
| #ifdef __cplusplus
| extern "C"
| #endif
| char shl_load ();
| /* The GNU C library defines this for functions which it implements
|     to always fail with ENOSYS.  Some functions are actually named
|     something starting with __ and the normal name is an alias.  */
| #if defined __stub_shl_load || defined __stub___shl_load
| choke me
| #endif
| 
| int
| main ()
| {
| return shl_load ();
|   ;
|   return 0;
| }
configure:9829: result: no
configure:9833: checking for shl_load in -ldld
configure:9858: gcc -o conftest -Wall -Werror -Wdeclaration-after-statement -g -O0   conftest.c -ldld   >&5
/usr/bin/ld: cannot find -ldld
collect2: ld returned 1 exit status
configure:9858: $? = 1
configure: failed program was:
| /* confdefs.h */
| #define PACKAGE_NAME "LauncherCodeSlayerPlugin"
| #define PACKAGE_TARNAME "launchercodeslayerplugin"
| #define PACKAGE_VERSION "1.4.1"
| #define PACKAGE_STRING "LauncherCodeSlayerPlugin 1.4.1"
| #define PACKAGE_BUGREPORT "jeff.johnston.mn@gmail.com"
| #define PACKAGE_URL ""
| #define PACKAGE "launchercodeslayerplugin"
| #define VERSION "1.4.1"
| #define STDC_HEADERS 1
| #define HAVE_SYS_TYPES_H 1
| #define HAVE_SYS_STAT_H 1
| #define HAVE_STDLIB_H 1
| #define HAVE_STRING_H 1
| #define HAVE_MEMORY_H 1
| #define HAVE_STRINGS_H 1
| #define HAVE_INTTYPES_H 1
| #define HAVE_STDINT_H 1
| #define HAVE_UNISTD_H 1
| #define HAVE_DLFCN_H 1
| #define LT_OBJDIR ".libs/"
| /* end confdefs.h.  */
| 
| /* Override any GCC internal prototype to avoid an error.
|    Use char because int might match the return type of a GCC
|    builtin and then its argument prototype would still apply.  */
| #ifdef __cplusplus
| extern "C"
| #endif
| char shl_load ();
| int
| main ()
| {
| return shl_load ();
|   ;
|   return 0;
| }
configure:9867: result: no
configure:9872: checking for dlopen
configure:9872: gcc -o conftest -Wall -Werror -Wdeclaration-after-statement -g -O0   conftest.c  >&5
/tmp/ccl1lPhB.o: In function `main':
/home/jeff/workspace/codeslayer/plugins/launcher/build-prod/conftest.c:57: undefined reference to `dlopen'
collect2: ld returned 1 exit status
configure:9872: $? = 1
configure: failed program was:
| /* confdefs.h */
| #define PACKAGE_NAME "LauncherCodeSlayerPlugin"
| #define PACKAGE_TARNAME "launchercodeslayerplugin"
| #define PACKAGE_VERSION "1.4.1"
| #define PACKAGE_STRING "LauncherCodeSlayerPlugin 1.4.1"
| #define PACKAGE_BUGREPORT "jeff.johnston.mn@gmail.com"
| #define PACKAGE_URL ""
| #define PACKAGE "launchercodeslayerplugin"
| #define VERSION "1.4.1"
| #define STDC_HEADERS 1
| #define HAVE_SYS_TYPES_H 1
| #define HAVE_SYS_STAT_H 1
| #define HAVE_STDLIB_H 1
| #define HAVE_STRING_H 1
| #define HAVE_MEMORY_H 1
| #define HAVE_STRINGS_H 1
| #define HAVE_INTTYPES_H 1
| #define HAVE_STDINT_H 1
| #define HAVE_UNISTD_H 1
| #define HAVE_DLFCN_H 1
| #define LT_OBJDIR ".libs/"
| /* end confdefs.h.  */
| /* Define dlopen to an innocuous variant, in case <limits.h> declares dlopen.
|    For example, HP-UX 11i <limits.h> declares gettimeofday.  */
| #define dlopen innocuous_dlopen
| 
| /* System header to define __stub macros and hopefully few prototypes,
|     which can conflict with char dlopen (); below.
|     Prefer <limits.h> to <assert.h> if __STDC__ is defined, since
|     <limits.h> exists even on freestanding compilers.  */
| 
| #ifdef __STDC__
| # include <limits.h>
| #else
| # include <assert.h>
| #endif
| 
| #undef dlopen
| 
| /* Override any GCC internal prototype to avoid an error.
|    Use char because int might match the return type of a GCC
|    builtin and then its argument prototype would still apply.  */
| #ifdef __cplusplus
| extern "C"
| #endif
| char dlopen ();
| /* The GNU C library defines this for functions which it implements
|     to always fail with ENOSYS.  Some functions are actually named
|     something starting with __ and the normal name is an alias.  */
| #if defined __stub_dlopen || defined __stub___dlopen
| choke me
| #endif
| 
| int
| main ()
| {
| return dlopen ();
|   ;
|   return 0;
| }
configure:9872: result: no
configure:9876: checking for dlopen in -ldl
configure:9901: gcc -o conftest -Wall -Werror -Wdeclaration-after-statement -g -O0   conftest.c -ldl   >&5
configure:9901: $? = 0
configure:9910: result: yes
configure:10029: checking whether a program can dlopen itself
configure:10099: gcc -o conftest -Wall -Werror -Wdeclaration-after-statement -g -O0  -DHAVE_DLFCN_H  -Wl,--export-dynamic conftest.c -ldl  >&5
configure: In function 'fnord':
configure:10080:20: error: unused variable 'i' [-Werror=unused-variable]
cc1: all warnings being treated as errors

configure:10102: $? = 1
configure:10120: result: no
configure:10255: checking whether stripping libraries is possible
configure:10260: result: yes
configure:10295: checking if libtool supports shared libraries
configure:10297: result: yes
configure:10300: checking whether to build shared libraries
configure:10321: result: yes
configure:10324: checking whether to build static libraries
configure:10328: result: yes
configure:10413: checking for gcc
configure:10440: result: gcc
configure:10669: checking for C compiler version
configure:10678: gcc --version >&5
gcc (GCC) 4.6.1 20110819 (prerelease)
Copyright (C) 2011 Free Software Foundation, Inc.
This is free software; see the source for copying conditions.  There is NO
warranty; not even for MERCHANTABILITY or FITNESS FOR A PARTICULAR PURPOSE.

configure:10689: $? = 0
configure:10678: gcc -v >&5
Using built-in specs.
COLLECT_GCC=gcc
COLLECT_LTO_WRAPPER=/usr/lib/gcc/i686-pc-linux-gnu/4.6.1/lto-wrapper
Target: i686-pc-linux-gnu
Configured with: /build/src/gcc-4.6-20110819/configure --prefix=/usr --libdir=/usr/lib --libexecdir=/usr/lib --mandir=/usr/share/man --infodir=/usr/share/info --with-bugurl=https://bugs.archlinux.org/ --enable-languages=c,c++,ada,fortran,go,lto,objc,obj-c++ --enable-shared --enable-threads=posix --with-system-zlib --enable-__cxa_atexit --disable-libunwind-exceptions --enable-clocale=gnu --enable-gnu-unique-object --enable-linker-build-id --with-ppl --enable-cloog-backend=isl --enable-lto --enable-gold --enable-ld=default --enable-plugin --with-plugin-ld=ld.gold --disable-multilib --disable-libssp --disable-libstdcxx-pch --enable-checking=release
Thread model: posix
gcc version 4.6.1 20110819 (prerelease) (GCC) 
configure:10689: $? = 0
configure:10678: gcc -V >&5
gcc: error: unrecognized option '-V'
gcc: fatal error: no input files
compilation terminated.
configure:10689: $? = 1
configure:10678: gcc -qversion >&5
gcc: error: unrecognized option '-qversion'
gcc: fatal error: no input files
compilation terminated.
configure:10689: $? = 1
configure:10693: checking whether we are using the GNU C compiler
configure:10721: result: yes
configure:10730: checking whether gcc accepts -g
configure:10791: result: yes
configure:10808: checking for gcc option to accept ISO C89
configure:10885: result: none needed
configure:10907: checking dependency style of gcc
configure:11017: result: gcc3
configure:11034: checking whether gcc and cc understand -c and -o together
configure:11065: gcc -c conftest.c -o conftest2.o >&5
configure:11069: $? = 0
configure:11075: gcc -c conftest.c -o conftest2.o >&5
configure:11079: $? = 0
configure:11090: cc -c conftest.c >&5
configure:11094: $? = 0
configure:11102: cc -c conftest.c -o conftest2.o >&5
configure:11106: $? = 0
configure:11112: cc -c conftest.c -o conftest2.o >&5
configure:11116: $? = 0
configure:11134: result: yes
configure:11214: checking for pkg-config
configure:11232: found /usr/bin/pkg-config
configure:11244: result: /usr/bin/pkg-config
configure:11269: checking pkg-config is at least version 0.9.0
configure:11272: result: yes
configure:11283: checking for LAUNCHERCODESLAYERPLUGIN
configure:11296: $PKG_CONFIG --exists --print-errors "
    glib-2.0 >= 2.24.0
    gtk+-2.0 >= $GTK_REQUIRED_VERSION
    gtksourceview-2.0 >= 2.10.0
    codeslayer >= 1.4.0
"
configure:11304: $? = 0
configure:11329: $PKG_CONFIG --exists --print-errors "
    glib-2.0 >= 2.24.0
    gtk+-2.0 >= $GTK_REQUIRED_VERSION
    gtksourceview-2.0 >= 2.10.0
    codeslayer >= 1.4.0
"
configure:11337: $? = 0
configure:11412: result: yes
configure:11590: creating ./config.status

## ---------------- ##
## Cache variables. ##
## ---------------- ##

ac_cv_build=i686-pc-linux-gnu
ac_cv_c_compiler_gnu=yes
ac_cv_env_CC_set=
ac_cv_env_CC_value=
ac_cv_env_CFLAGS_set=set
ac_cv_env_CFLAGS_value='-Wall -Werror -Wdeclaration-after-statement -g -O0'
ac_cv_env_CPPFLAGS_set=
ac_cv_env_CPPFLAGS_value=
ac_cv_env_CPP_set=
ac_cv_env_CPP_value=
ac_cv_env_LAUNCHERCODESLAYERPLUGIN_CFLAGS_set=
ac_cv_env_LAUNCHERCODESLAYERPLUGIN_CFLAGS_value=
ac_cv_env_LAUNCHERCODESLAYERPLUGIN_LIBS_set=
ac_cv_env_LAUNCHERCODESLAYERPLUGIN_LIBS_value=
ac_cv_env_LDFLAGS_set=
ac_cv_env_LDFLAGS_value=
ac_cv_env_LIBS_set=
ac_cv_env_LIBS_value=
ac_cv_env_PKG_CONFIG_set=
ac_cv_env_PKG_CONFIG_value=
ac_cv_env_build_alias_set=
ac_cv_env_build_alias_value=
ac_cv_env_host_alias_set=
ac_cv_env_host_alias_value=
ac_cv_env_target_alias_set=
ac_cv_env_target_alias_value=
ac_cv_func_dlopen=no
ac_cv_func_shl_load=no
ac_cv_header_dlfcn_h=yes
ac_cv_header_inttypes_h=yes
ac_cv_header_memory_h=yes
ac_cv_header_stdc=yes
ac_cv_header_stdint_h=yes
ac_cv_header_stdlib_h=yes
ac_cv_header_string_h=yes
ac_cv_header_strings_h=yes
ac_cv_header_sys_stat_h=yes
ac_cv_header_sys_types_h=yes
ac_cv_header_unistd_h=yes
ac_cv_host=i686-pc-linux-gnu
ac_cv_lib_dl_dlopen=yes
ac_cv_lib_dld_shl_load=no
ac_cv_objext=o
ac_cv_path_EGREP='/bin/grep -E'
ac_cv_path_FGREP='/bin/grep -F'
ac_cv_path_GREP=/bin/grep
ac_cv_path_SED=/bin/sed
ac_cv_path_ac_pt_PKG_CONFIG=/usr/bin/pkg-config
ac_cv_path_install='/bin/install -c'
ac_cv_path_mkdir=/bin/mkdir
ac_cv_prog_AWK=gawk
ac_cv_prog_CPP='gcc -E'
ac_cv_prog_ac_ct_AR=ar
ac_cv_prog_ac_ct_CC=gcc
ac_cv_prog_ac_ct_OBJDUMP=objdump
ac_cv_prog_ac_ct_RANLIB=ranlib
ac_cv_prog_ac_ct_STRIP=strip
ac_cv_prog_cc_c89=
ac_cv_prog_cc_g=yes
ac_cv_prog_cc_gcc_c_o=yes
ac_cv_prog_make_make_set=yes
am_cv_CC_dependencies_compiler_type=gcc3
lt_cv_deplibs_check_method=pass_all
lt_cv_dlopen=dlopen
lt_cv_dlopen_libs=-ldl
lt_cv_dlopen_self=no
lt_cv_file_magic_cmd='$MAGIC_CMD'
lt_cv_file_magic_test_file=
lt_cv_ld_reload_flag=-r
lt_cv_nm_interface='BSD nm'
lt_cv_objdir=.libs
lt_cv_path_LD=/usr/bin/ld
lt_cv_path_NM='/usr/bin/nm -B'
lt_cv_prog_compiler_c_o=yes
lt_cv_prog_compiler_pic_works=yes
lt_cv_prog_compiler_rtti_exceptions=no
lt_cv_prog_compiler_static_works=yes
lt_cv_prog_gnu_ld=yes
lt_cv_sys_global_symbol_pipe='sed -n -e '\''s/^.*[	 ]\([ABCDGIRSTW][ABCDGIRSTW]*\)[	 ][	 ]*\([_A-Za-z][_A-Za-z0-9]*\)$/\1 \2 \2/p'\'''
lt_cv_sys_global_symbol_to_c_name_address='sed -n -e '\''s/^: \([^ ]*\) $/  {\"\1\", (void *) 0},/p'\'' -e '\''s/^[ABCDGIRSTW]* \([^ ]*\) \([^ ]*\)$/  {"\2", (void *) \&\2},/p'\'''
lt_cv_sys_global_symbol_to_c_name_address_lib_prefix='sed -n -e '\''s/^: \([^ ]*\) $/  {\"\1\", (void *) 0},/p'\'' -e '\''s/^[ABCDGIRSTW]* \([^ ]*\) \(lib[^ ]*\)$/  {"\2", (void *) \&\2},/p'\'' -e '\''s/^[ABCDGIRSTW]* \([^ ]*\) \([^ ]*\)$/  {"lib\2", (void *) \&\2},/p'\'''
lt_cv_sys_global_symbol_to_cdecl='sed -n -e '\''s/^T .* \(.*\)$/extern int \1();/p'\'' -e '\''s/^[ABCDGIRSTW]* .* \(.*\)$/extern char \1;/p'\'''
lt_cv_sys_max_cmd_len=1572864
pkg_cv_LAUNCHERCODESLAYERPLUGIN_CFLAGS='-pthread -I/usr/local/include/lcodeslayer -I/usr/include/glib-2.0 -I/usr/lib/glib-2.0/include -I/usr/include/gtk-2.0 -I/usr/lib/gtk-2.0/include -I/usr/include/atk-1.0 -I/usr/include/cairo -I/usr/include/gdk-pixbuf-2.0 -I/usr/include/pango-1.0 -I/usr/include/pixman-1 -I/usr/include/freetype2 -I/usr/include/libpng14 -I/usr/include/gtksourceview-2.0 -I/usr/include/libxml2  '
pkg_cv_LAUNCHERCODESLAYERPLUGIN_LIBS='-pthread -L/usr/local/lib -lgtksourceview-2.0 -lcodeslayer -lgtk-x11-2.0 -lgdk-x11-2.0 -latk-1.0 -lgio-2.0 -lpangoft2-1.0 -lpangocairo-1.0 -lgdk_pixbuf-2.0 -lcairo -lpango-1.0 -lfreetype -lfontconfig -lgobject-2.0 -lgmodule-2.0 -lgthread-2.0 -lrt -lglib-2.0  '

## ----------------- ##
## Output variables. ##
## ----------------- ##

ACLOCAL='${SHELL} /home/jeff/workspace/codeslayer/plugins/launcher/missing --run aclocal-1.11'
AMDEPBACKSLASH='\'
AMDEP_FALSE='#'
AMDEP_TRUE=''
AMTAR='${SHELL} /home/jeff/workspace/codeslayer/plugins/launcher/missing --run tar'
AR='ar'
AUTOCONF='${SHELL} /home/jeff/workspace/codeslayer/plugins/launcher/missing --run autoconf'
AUTOHEADER='${SHELL} /home/jeff/workspace/codeslayer/plugins/launcher/missing --run autoheader'
AUTOMAKE='${SHELL} /home/jeff/workspace/codeslayer/plugins/launcher/missing --run automake-1.11'
AWK='gawk'
CC='gcc'
CCDEPMODE='depmode=gcc3'
CFLAGS='-Wall -Werror -Wdeclaration-after-statement -g -O0'
CODESLAYER_HOME='.codeslayer'
CPP='gcc -E'
CPPFLAGS=''
CYGPATH_W='echo'
DEFS='-DPACKAGE_NAME=\"LauncherCodeSlayerPlugin\" -DPACKAGE_TARNAME=\"launchercodeslayerplugin\" -DPACKAGE_VERSION=\"1.4.1\" -DPACKAGE_STRING=\"LauncherCodeSlayerPlugin\ 1.4.1\" -DPACKAGE_BUGREPORT=\"jeff.johnston.mn@gmail.com\" -DPACKAGE_URL=\"\" -DPACKAGE=\"launchercodeslayerplugin\" -DVERSION=\"1.4.1\" -DSTDC_HEADERS=1 -DHAVE_SYS_TYPES_H=1 -DHAVE_SYS_STAT_H=1 -DHAVE_STDLIB_H=1 -DHAVE_STRING_H=1 -DHAVE_MEMORY_H=1 -DHAVE_STRINGS_H=1 -DHAVE_INTTYPES_H=1 -DHAVE_STDINT_H=1 -DHAVE_UNISTD_H=1 -DHAVE_DLFCN_H=1 -DLT_OBJDIR=\".libs/\"'
DEPDIR='.deps'
DSYMUTIL=''
DUMPBIN=''
ECHO_C=''
ECHO_N='-n'
ECHO_T=''
EGREP='/bin/grep -E'
EXEEXT=''
FGREP='/bin/grep -F'
GREP='/bin/grep'
GTK_REQUIRED_VERSION='2.20.0'
INSTALL_DATA='${INSTALL} -m 644'
INSTALL_PROGRAM='${INSTALL}'
INSTALL_SCRIPT='${INSTALL}'
INSTALL_STRIP_PROGRAM='$(install_sh) -c -s'
LAUNCHERCODESLAYERPLUGIN_CFLAGS='-pthread -I/usr/local/include/lcodeslayer -I/usr/include/glib-2.0 -I/usr/lib/glib-2.0/include -I/usr/include/gtk-2.0 -I/usr/lib/gtk-2.0/include -I/usr/include/atk-1.0 -I/usr/include/cairo -I/usr/include/gdk-pixbuf-2.0 -I/usr/include/pango-1.0 -I/usr/include/pixman-1 -I/usr/include/freetype2 -I/usr/include/libpng14 -I/usr/include/gtksourceview-2.0 -I/usr/include/libxml2  '
LAUNCHERCODESLAYERPLUGIN_LIBS='-pthread -L/usr/local/lib -lgtksourceview-2.0 -lcodeslayer -lgtk-x11-2.0 -lgdk-x11-2.0 -latk-1.0 -lgio-2.0 -lpangoft2-1.0 -lpangocairo-1.0 -lgdk_pixbuf-2.0 -lcairo -lpango-1.0 -lfreetype -lfontconfig -lgobject-2.0 -lgmodule-2.0 -lgthread-2.0 -lrt -lglib-2.0  '
LD='/usr/bin/ld'
LDFLAGS=''
LIBOBJS=''
LIBS=''
LIBTOOL='$(SHELL) $(top_builddir)/libtool'
LIPO=''
LN_S='ln -s'
LTLIBOBJS=''
MAKEINFO='${SHELL} /home/jeff/workspace/codeslayer/plugins/launcher/missing --run makeinfo'
MKDIR_P='/bin/mkdir -p'
NM='/usr/bin/nm -B'
NMEDIT=''
OBJDUMP='objdump'
OBJEXT='o'
OTOOL64=''
OTOOL=''
PACKAGE='launchercodeslayerplugin'
PACKAGE_BUGREPORT='jeff.johnston.mn@gmail.com'
PACKAGE_NAME='LauncherCodeSlayerPlugin'
PACKAGE_STRING='LauncherCodeSlayerPlugin 1.4.1'
PACKAGE_TARNAME='launchercodeslayerplugin'
PACKAGE_URL=''
PACKAGE_VERSION='1.4.1'
PATH_SEPARATOR=':'
PKG_CONFIG='/usr/bin/pkg-config'
RANLIB='ranlib'
SED='/bin/sed'
SET_MAKE=''
SHELL='/bin/sh'
STRIP='strip'
VERSION='1.4.1'
ac_ct_CC='gcc'
ac_ct_DUMPBIN=''
am__EXEEXT_FALSE=''
am__EXEEXT_TRUE='#'
am__fastdepCC_FALSE='#'
am__fastdepCC_TRUE=''
am__include='include'
am__isrc=' -I$(srcdir)'
am__leading_dot='.'
am__quote=''
am__tar='${AMTAR} chof - "$$tardir"'
am__untar='${AMTAR} xf -'
bindir='${exec_prefix}/bin'
build='i686-pc-linux-gnu'
build_alias=''
build_cpu='i686'
build_os='linux-gnu'
build_vendor='pc'
datadir='${datarootdir}'
datarootdir='${prefix}/share'
docdir='${datarootdir}/doc/${PACKAGE_TARNAME}'
dvidir='${docdir}'
exec_prefix='${prefix}'
host='i686-pc-linux-gnu'
host_alias=''
host_cpu='i686'
host_os='linux-gnu'
host_vendor='pc'
htmldir='${docdir}'
includedir='${prefix}/include'
infodir='${datarootdir}/info'
install_sh='${SHELL} /home/jeff/workspace/codeslayer/plugins/launcher/install-sh'
libdir='${exec_prefix}/lib'
libexecdir='${exec_prefix}/libexec'
localedir='${datarootdir}/locale'
localstatedir='${prefix}/var'
lt_ECHO='echo'
mandir='${datarootdir}/man'
mkdir_p='/bin/mkdir -p'
oldincludedir='/usr/include'
pdfdir='${docdir}'
prefix='/usr/local'
program_transform_name='s,x,x,'
psdir='${docdir}'
sbindir='${exec_prefix}/sbin'
sharedstatedir='${prefix}/com'
sysconfdir='${prefix}/etc'
target_alias=''

## ----------- ##
## confdefs.h. ##
## ----------- ##

/* confdefs.h */
#define PACKAGE_NAME "LauncherCodeSlayerPlugin"
#define PACKAGE_TARNAME "launchercodeslayerplugin"
#define PACKAGE_VERSION "1.4.1"
#define PACKAGE_STRING "LauncherCodeSlayerPlugin 1.4.1"
#define PACKAGE_BUGREPORT "jeff.johnston.mn@gmail.com"
#define PACKAGE_URL ""
#define PACKAGE "launchercodeslayerplugin"
#define VERSION "1.4.1"
#define STDC_HEADERS 1
#define HAVE_SYS_TYPES_H 1
#define HAVE_SYS_STAT_H 1
#define HAVE_STDLIB_H 1
#define HAVE_STRING_H 1
#define HAVE_MEMORY_H 1
#define HAVE_STRINGS_H 1
#define HAVE_INTTYPES_H 1
#define HAVE_STDINT_H 1
#define HAVE_UNISTD_H 1
#define HAVE_DLFCN_H 1
#define LT_OBJDIR ".libs/"

configure: exit 0

## ---------------------- ##
## Running config.status. ##
## ---------------------- ##

This file was extended by LauncherCodeSlayerPlugin config.status 1.4.1, which was
generated by GNU Autoconf 2.68.  Invocation command line was

  CONFIG_FILES    = 
  CONFIG_HEADERS  = 
  CONFIG_LINKS    = 
  CONFIG_COMMANDS = 
  $ ./config.status 

on jeff-desktop

config.status:1004: creating launcher.codeslayer-plugin
config.status:1004: creating Makefile
config.status:1004: creating src/Makefile
config.status:1161: executing depfiles commands
config.status:1161: executing libtool commands
